\BOOKMARK [0][-]{chapter.1}{\376\377\000I\000n\000t\000r\000o\000d\000u\000c\000t\000i\000o\000n\000\040\000/\000\040\230\171\166\356\116\313\176\315}{}% 1
\BOOKMARK [1][-]{section.1.1}{\376\377\000O\000b\000j\000e\000c\000t\000i\000v\000e\000\040\000/\000\040\166\356\150\007}{chapter.1}% 2
\BOOKMARK [1][-]{section.1.2}{\376\377\000B\000a\000c\000k\000g\000r\000o\000u\000n\000d\000\040\000/\000\040\200\314\146\157}{chapter.1}% 3
\BOOKMARK [1][-]{section.1.3}{\376\377\000T\000i\000m\000e\000l\000i\000n\000e\000\040\000/\000\040\145\366\225\364\210\150}{chapter.1}% 4
\BOOKMARK [0][-]{chapter.2}{\376\377\000E\000l\000i\000g\000i\000b\000i\000l\000i\000t\000y\000\040\000\046\000\040\000R\000u\000l\000e\000s\000\040\000/\000\040\123\302\215\133\215\104\150\074\116\016\211\304\122\031}{}% 5
\BOOKMARK [1][-]{section.2.1}{\376\377\000E\000l\000i\000g\000i\000b\000i\000l\000i\000t\000y\000\040\000/\000\040\123\302\215\133\215\104\150\074}{chapter.2}% 6
\BOOKMARK [1][-]{section.2.2}{\376\377\000T\000e\000a\000m\000\040\000R\000u\000l\000e\000s\000\040\000/\000\040\126\342\226\037\211\304\122\031}{chapter.2}% 7
\BOOKMARK [1][-]{section.2.3}{\376\377\000P\000r\000i\000z\000e\000s\000\040\000/\000\040\131\126\230\171}{chapter.2}% 8
\BOOKMARK [1][-]{section.2.4}{\376\377\000I\000n\000t\000e\000l\000l\000e\000c\000t\000u\000a\000l\000\040\000P\000r\000o\000p\000e\000r\000t\000y\000\040\000/\000\040\167\345\213\306\116\247\147\103}{chapter.2}% 9
\BOOKMARK [0][-]{chapter.3}{\376\377\000R\000e\000s\000o\000u\000r\000c\000e\000\040\000I\000n\000v\000e\000n\000t\000o\000r\000y\000\040\000/\000\040\215\104\156\220\156\005\123\125}{}% 10
\BOOKMARK [1][-]{section.3.1}{\376\377\000D\000o\000w\000n\000l\000o\000a\000d\000e\000d\000\040\000R\000e\000s\000o\000u\000r\000c\000e\000s\000\040\000/\000\040\135\362\116\013\217\175\215\104\156\220}{chapter.3}% 11
\BOOKMARK [2][-]{subsection.3.1.1}{\376\377\000D\000o\000c\000u\000m\000e\000n\000t\000a\000t\000i\000o\000n\000\040\000/\000\040\145\207\150\143}{section.3.1}% 12
\BOOKMARK [2][-]{subsection.3.1.2}{\376\377\000D\000a\000t\000a\000\040\000/\000\040\145\160\143\156\226\306}{section.3.1}% 13
\BOOKMARK [2][-]{subsection.3.1.3}{\376\377\000C\000o\000d\000e\000:\000\040\000S\000n\000o\000w\000f\000l\000a\000k\000e\000\040\000P\000l\000a\000t\000f\000o\000r\000m\000\040\000/\000\040\116\343\170\001\377\032\000S\000n\000o\000w\000f\000l\000a\000k\000e\000\040\136\163\123\360}{section.3.1}% 14
\BOOKMARK [2][-]{subsection.3.1.4}{\376\377\000C\000o\000d\000e\000:\000\040\000G\000e\000n\000e\000r\000a\000l\000\040\000P\000l\000a\000t\000f\000o\000r\000m\000\040\000/\000\040\116\343\170\001\377\032\220\032\165\050\136\163\123\360}{section.3.1}% 15
\BOOKMARK [2][-]{subsection.3.1.5}{\376\377\000M\000e\000d\000i\000a\000\040\000/\000\040\131\032\132\222\117\123}{section.3.1}% 16
\BOOKMARK [0][-]{chapter.4}{\376\377\000S\000e\000t\000u\000p\000\040\000G\000u\000i\000d\000e\000\040\000/\000\040\163\257\130\203\221\115\177\156\143\007\123\127}{}% 17
\BOOKMARK [1][-]{section.4.1}{\376\377\000C\000h\000o\000o\000s\000e\000\040\000Y\000o\000u\000r\000\040\000P\000a\000t\000h\000\040\000/\000\040\220\011\142\351\140\250\166\204\215\357\137\204}{chapter.4}% 18
\BOOKMARK [1][-]{section.4.2}{\376\377\000O\000p\000t\000i\000o\000n\000\040\000A\000:\000\040\000S\000n\000o\000w\000f\000l\000a\000k\000e\000\040\000\050\000R\000e\000c\000o\000m\000m\000e\000n\000d\000e\000d\000\051\000\040\000/\000\040\220\011\230\171\000\040\000A\377\032\000S\000n\000o\000w\000f\000l\000a\000k\000e\377\010\143\250\203\120\377\011}{chapter.4}% 19
\BOOKMARK [1][-]{section.4.3}{\376\377\000O\000p\000t\000i\000o\000n\000\040\000B\000:\000\040\000G\000e\000n\000e\000r\000a\000l\000\040\000E\000n\000v\000i\000r\000o\000n\000m\000e\000n\000t\000\040\000/\000\040\220\011\230\171\000\040\000B\377\032\220\032\165\050\163\257\130\203}{chapter.4}% 20
\BOOKMARK [1][-]{section.4.4}{\376\377\000S\000u\000b\000m\000i\000s\000s\000i\000o\000n\000\040\000/\000\040\143\320\116\244}{chapter.4}% 21
\BOOKMARK [0][-]{chapter.5}{\376\377\000S\000n\000o\000w\000f\000l\000a\000k\000e\000\040\000D\000e\000e\000p\000\040\000D\000i\000v\000e\000\040\000/\000\040\000S\000n\000o\000w\000f\000l\000a\000k\000e\000\040\155\361\136\246\143\007\123\127}{}% 22
\BOOKMARK [1][-]{section.5.1}{\376\377\000W\000h\000y\000\040\000S\000n\000o\000w\000f\000l\000a\000k\000e\000?\000\040\000/\000\040\116\072\116\300\116\110\220\011\142\351\000\040\000S\000n\000o\000w\000f\000l\000a\000k\000e\000?}{chapter.5}% 23
\BOOKMARK [1][-]{section.5.2}{\376\377\000D\000e\000e\000p\000\040\000D\000i\000v\000e\000:\000\040\000E\000x\000t\000e\000r\000n\000a\000l\000\040\000A\000c\000c\000e\000s\000s\000\040\000/\000\040\155\361\136\246\211\343\147\220\377\032\131\026\220\350\213\277\225\356}{chapter.5}% 24
\BOOKMARK [0][-]{chapter.6}{\376\377\000F\000A\000Q\000\040\000/\000\040\136\070\211\301\225\356\230\230}{}% 25
\BOOKMARK [1][-]{section.6.1}{\376\377\000G\000e\000n\000e\000r\000a\000l\000\040\000Q\000u\000e\000s\000t\000i\000o\000n\000s\000\040\000/\000\040\116\000\202\054\225\356\230\230}{chapter.6}% 26
\BOOKMARK [0][-]{chapter.7}{\376\377\000D\000e\000v\000e\000l\000o\000p\000m\000e\000n\000t\000\040\000L\000o\000g\000\040\000/\000\040\137\000\123\321\116\016\122\006\147\220\145\345\137\327}{}% 27
\BOOKMARK [1][-]{section.7.1}{\376\377\000P\000h\000a\000s\000e\000\040\0001\000:\000\040\000A\000r\000c\000h\000i\000t\000e\000c\000t\000u\000r\000e\000,\000\040\000E\000n\000v\000i\000r\000o\000n\000m\000e\000n\000t\000\040\000\046\000\040\000D\000a\000t\000a\000\040\000E\000x\000p\000l\000o\000r\000a\000t\000i\000o\000n\000\040\000/\000\040\226\066\153\265\116\000\377\032\147\266\147\204\060\001\163\257\130\203\116\016\145\160\143\156\143\242\147\345}{chapter.7}% 28
\BOOKMARK [2][-]{subsection.7.1.1}{\376\377\000B\000a\000c\000k\000g\000r\000o\000u\000n\000d\000\040\000\046\000\040\000O\000b\000j\000e\000c\000t\000i\000v\000e\000\040\000/\000\040\200\314\146\157\116\016\166\356\150\007}{section.7.1}% 29
\BOOKMARK [2][-]{subsection.7.1.2}{\376\377\000D\000a\000t\000a\000\040\000E\000x\000p\000l\000o\000r\000a\000t\000i\000o\000n\000\040\000R\000e\000s\000u\000l\000t\000s\000\040\000/\000\040\145\160\143\156\143\242\147\345\176\323\147\234}{section.7.1}% 30
\BOOKMARK [1][-]{section.7.2}{\376\377\000P\000h\000a\000s\000e\000\040\0002\000:\000\040\000T\000h\000e\000\040\000B\000e\000n\000c\000h\000m\000a\000r\000k\000\040\000M\000o\000d\000e\000l\000\040\000F\000o\000u\000n\000d\000a\000t\000i\000o\000n\000\040\000/\000\040\226\066\153\265\116\214\377\032\127\372\176\277\152\041\127\213\166\204\136\372\172\313}{chapter.7}% 31
\BOOKMARK [2][-]{subsection.7.2.1}{\376\377\000B\000e\000n\000c\000h\000m\000a\000r\000k\000\040\000R\000e\000f\000a\000c\000t\000o\000r\000i\000n\000g\000\040\000/\000\040\127\372\121\306\116\343\170\001\221\315\147\204}{section.7.2}% 32
\BOOKMARK [2][-]{subsection.7.2.2}{\376\377\000O\000n\000l\000i\000n\000e\000\040\000E\000v\000a\000l\000u\000a\000t\000i\000o\000n\000\040\000R\000e\000c\000o\000r\000d\000:\000\040\000T\000h\000e\000\040\000B\000a\000s\000e\000l\000i\000n\000e\000\040\000/\000\040\176\277\116\012\213\304\117\060\133\130\150\143\377\032\127\372\121\306\176\277}{section.7.2}% 33
\BOOKMARK [1][-]{section.7.3}{\376\377\000P\000h\000a\000s\000e\000\040\0003\000:\000\040\000T\000h\000e\000\040\000L\000e\000a\000k\000a\000g\000e\000\040\000C\000r\000i\000s\000i\000s\000\040\000\046\000\040\000T\000e\000m\000p\000o\000r\000a\000l\000\040\000O\000v\000e\000r\000f\000i\000t\000t\000i\000n\000g\000\040\000/\000\040\226\066\153\265\116\011\377\032\154\304\227\062\123\161\147\072\116\016\145\366\225\364\217\307\142\337\124\010}{chapter.7}% 34
\BOOKMARK [2][-]{subsection.7.3.1}{\376\377\000I\000n\000i\000t\000i\000a\000l\000\040\000O\000p\000t\000i\000m\000i\000z\000a\000t\000i\000o\000n\000\040\000A\000t\000t\000e\000m\000p\000t\000s\000\040\000/\000\040\231\226\153\041\117\030\123\026\134\035\213\325}{section.7.3}% 35
\BOOKMARK [2][-]{subsection.7.3.2}{\376\377\000O\000n\000l\000i\000n\000e\000\040\000E\000v\000a\000l\000u\000a\000t\000i\000o\000n\000\040\000R\000e\000c\000o\000r\000d\000:\000\040\000T\000h\000e\000\040\000G\000e\000o\000g\000r\000a\000p\000h\000i\000c\000\040\000O\000v\000e\000r\000f\000i\000t\000t\000i\000n\000g\000\040\000/\000\040\176\277\116\012\213\304\117\060\133\130\150\143\377\032\127\060\164\006\162\171\137\201\217\307\142\337\124\010}{section.7.3}% 36
\BOOKMARK [2][-]{subsection.7.3.3}{\376\377\000O\000n\000l\000i\000n\000e\000\040\000E\000v\000a\000l\000u\000a\000t\000i\000o\000n\000\040\000R\000e\000c\000o\000r\000d\000:\000\040\000T\000h\000e\000\040\000T\000e\000m\000p\000o\000r\000a\000l\000\040\000P\000r\000o\000x\000y\000\040\000/\000\040\176\277\116\012\213\304\117\060\133\130\150\143\377\032\145\366\225\364\127\120\150\007\146\377\216\253}{section.7.3}% 37
\BOOKMARK [1][-]{section.7.4}{\376\377\000P\000h\000a\000s\000e\000\040\0004\000:\000\040\000P\000l\000a\000n\000e\000t\000a\000r\000y\000\040\000A\000P\000I\000\040\000P\000a\000r\000a\000d\000i\000g\000m\000\040\000S\000h\000i\000f\000t\000\040\000/\000\040\226\066\153\265\126\333\377\032\215\350\215\212\201\363\210\114\146\037\213\241\173\227\147\072\000\040\000A\000P\000I}{chapter.7}% 38
\BOOKMARK [2][-]{subsection.7.4.1}{\376\377\000E\000r\000a\000d\000i\000c\000a\000t\000i\000n\000g\000\040\000T\000e\000m\000p\000o\000r\000a\000l\000\040\000M\000i\000s\000m\000a\000t\000c\000h\000\040\000/\000\040\150\071\226\144\145\366\225\364\225\031\117\115}{section.7.4}% 39
\BOOKMARK [2][-]{subsection.7.4.2}{\376\377\000O\000n\000l\000i\000n\000e\000\040\000E\000v\000a\000l\000u\000a\000t\000i\000o\000n\000\040\000R\000e\000c\000o\000r\000d\000:\000\040\000T\000h\000e\000\040\000A\000P\000I\000\040\000B\000a\000s\000e\000l\000i\000n\000e\000\040\000/\000\040\176\277\116\012\213\304\117\060\133\130\150\143\377\032\000A\000P\000I\000\040\176\257\167\037\127\372\176\277}{section.7.4}% 40
\BOOKMARK [1][-]{section.7.5}{\376\377\000P\000h\000a\000s\000e\000\040\0005\000:\000\040\000A\000d\000v\000a\000n\000c\000e\000d\000\040\000F\000e\000a\000t\000u\000r\000e\000\040\000E\000n\000g\000i\000n\000e\000e\000r\000i\000n\000g\000\040\000/\000\040\226\066\153\265\116\224\377\032\232\330\226\066\162\171\137\201\135\345\172\013\116\016\121\111\214\061\143\007\145\160}{chapter.7}% 41
\BOOKMARK [2][-]{subsection.7.5.1}{\376\377\000B\000r\000i\000d\000g\000i\000n\000g\000\040\000t\000h\000e\000\040\000G\000a\000p\000\040\000v\000i\000a\000\040\000O\000p\000t\000i\000c\000a\000l\000\040\000I\000n\000d\000i\000c\000e\000s\000\040\000/\000\040\122\051\165\050\121\111\214\061\143\007\145\160\215\350\215\212\236\077\154\237}{section.7.5}% 42
\BOOKMARK [2][-]{subsection.7.5.2}{\376\377\000O\000n\000l\000i\000n\000e\000\040\000E\000v\000a\000l\000u\000a\000t\000i\000o\000n\000\040\000R\000e\000c\000o\000r\000d\000:\000\040\000T\000h\000e\000\040\000B\000r\000e\000a\000k\000o\000u\000t\000\040\000/\000\040\176\277\116\012\213\304\117\060\133\130\150\143\377\032\170\064\226\065\200\014\121\372}{section.7.5}% 43
\BOOKMARK [1][-]{section.7.6}{\376\377\000P\000h\000a\000s\000e\000\040\0006\000:\000\040\000H\000y\000p\000e\000r\000-\000O\000p\000t\000i\000m\000i\000z\000e\000d\000\040\000E\000n\000s\000e\000m\000b\000l\000e\000s\000\040\000\046\000\040\000D\000e\000p\000t\000h\000\040\000I\000l\000l\000u\000s\000i\000o\000n\000\040\000/\000\040\226\066\153\265\121\155\377\032\215\205\123\302\226\306\142\020\116\016\217\307\142\337\124\010\136\173\214\141}{chapter.7}% 44
\BOOKMARK [2][-]{subsection.7.6.1}{\376\377\000P\000u\000s\000h\000i\000n\000g\000\040\000t\000h\000e\000\040\000E\000n\000v\000e\000l\000o\000p\000e\000\040\000\050\000T\000a\000r\000g\000e\000t\000\040\000>\000\040\0000\000.\0006\0000\000\051\000\040\000/\000\040\143\021\142\030\147\201\226\120\147\201\226\120}{section.7.6}% 45
\BOOKMARK [2][-]{subsection.7.6.2}{\376\377\000O\000n\000l\000i\000n\000e\000\040\000E\000v\000a\000l\000u\000a\000t\000i\000o\000n\000\040\000R\000e\000c\000o\000r\000d\000:\000\040\000T\000h\000e\000\040\000H\000u\000b\000r\000i\000s\000\040\000D\000r\000o\000p\000\040\000/\000\040\176\277\116\012\213\304\117\060\133\130\150\143\377\032\120\262\141\142\133\374\201\364\166\204\146\264\215\314}{section.7.6}% 46
\BOOKMARK [1][-]{section.7.7}{\376\377\000P\000h\000a\000s\000e\000\040\0007\000:\000\040\000S\000u\000p\000e\000r\000\040\000R\000e\000d\000/\000B\000l\000u\000e\000\040\000T\000e\000a\000m\000\040\000C\000o\000u\000r\000s\000e\000\040\000C\000o\000r\000r\000e\000c\000t\000i\000o\000n\000\040\000/\000\040\226\066\153\265\116\003\377\032\215\205\176\247\176\242\204\335\133\371\142\227\116\016\202\052\124\021\117\356\153\143}{chapter.7}% 47
\BOOKMARK [2][-]{subsection.7.7.1}{\376\377\000T\000h\000e\000\040\000P\000h\000a\000s\000e\000\040\000H\000\040\000P\000u\000r\000g\000e\000\040\000/\000\040\000H\226\066\153\265\137\173\136\225\131\047\156\005\155\027}{section.7.7}% 48
\BOOKMARK [2][-]{subsection.7.7.2}{\376\377\000F\000i\000n\000a\000l\000\040\000C\000l\000e\000a\000n\000s\000e\000d\000\040\000S\000p\000a\000t\000i\000a\000l\000\040\000R\000e\000s\000u\000l\000t\000s\000\040\000/\000\040\147\000\176\310\121\300\123\026\162\110\172\172\225\364\232\214\213\301\176\323\147\234}{section.7.7}% 49
\BOOKMARK [2][-]{subsection.7.7.3}{\376\377\000O\000n\000l\000i\000n\000e\000\040\000E\000v\000a\000l\000u\000a\000t\000i\000o\000n\000\040\000R\000e\000c\000o\000r\000d\000:\000\040\000T\000h\000e\000\040\000O\000p\000t\000i\000m\000a\000l\000\040\000R\000e\000b\000o\000u\000n\000d\000\040\000/\000\040\176\277\116\012\213\304\117\060\133\130\150\143\377\032\211\346\136\225\176\335\127\060\131\047\123\315\121\373}{section.7.7}% 50
\BOOKMARK [2][-]{subsection.7.7.4}{\376\377\000P\000h\000a\000s\000e\000\040\000I\000\040\000S\000t\000r\000a\000t\000e\000g\000y\000\040\000F\000o\000r\000m\000u\000l\000a\000t\000i\000o\000n\000:\000\040\000L\000o\000c\000a\000l\000\040\000C\000a\000l\000i\000b\000r\000a\000t\000i\000o\000n\000\040\000/\000\040\142\030\165\145\221\315\176\304\377\032\147\054\127\060\150\041\121\306\116\016\170\064\134\100\145\271\124\021}{section.7.7}% 51
\BOOKMARK [1][-]{section.7.8}{\376\377\000P\000h\000a\000s\000e\000\040\0001\0002\000:\000\040\000R\000e\000c\000o\000n\000s\000t\000r\000u\000c\000t\000i\000n\000g\000\040\000t\000h\000e\000\040\0000\000.\0003\0003\0008\000-\000C\000l\000a\000s\000s\000\040\000P\000i\000p\000e\000l\000i\000n\000e\000\040\000f\000r\000o\000m\000\040\000S\000u\000r\000v\000i\000v\000i\000n\000g\000\040\000A\000s\000s\000e\000t\000s\000\040\000/\000\040\000?\000?\000?\000?\000?\000?\000?\000?\000\040\0000\000.\0003\0003\0008\000\040\000?\000?\000?}{chapter.7}% 52
\BOOKMARK [2][-]{subsection.7.8.1}{\376\377\000P\000r\000o\000b\000l\000e\000m\000\040\000S\000t\000a\000t\000e\000m\000e\000n\000t\000\040\000/\000\040\000?\000?\000?\000?\000?\000?}{section.7.8}% 53
\BOOKMARK [2][-]{subsection.7.8.2}{\376\377\000R\000e\000c\000o\000v\000e\000r\000a\000b\000l\000e\000\040\000A\000s\000s\000e\000t\000s\000\040\000I\000d\000e\000n\000t\000i\000f\000i\000e\000d\000\040\000/\000\040\000?\000?\000?\000?\000?\000?\000?\000?\000?\000?\000?\000?}{section.7.8}% 54
\BOOKMARK [2][-]{subsection.7.8.3}{\376\377\000R\000e\000c\000o\000v\000e\000r\000e\000d\000\040\0000\000.\0003\0003\0008\000-\000C\000l\000a\000s\000s\000\040\000M\000e\000t\000h\000o\000d\000\040\000/\000\040\000?\000?\000?\000?\000?\000\040\0000\000.\0003\0003\0008\000\040\000?\000?\000?}{section.7.8}% 55
\BOOKMARK [2][-]{subsection.7.8.4}{\376\377\000R\000e\000p\000r\000o\000d\000u\000c\000i\000b\000i\000l\000i\000t\000y\000\040\000H\000a\000r\000d\000e\000n\000i\000n\000g\000\040\000/\000\040\000?\000?\000?\000?\000?\000?\000?\000?\000?\000?\000?\000?\000?}{section.7.8}% 56
\BOOKMARK [2][-]{subsection.7.8.5}{\376\377\000R\000e\000c\000o\000v\000e\000r\000e\000d\000\040\000L\000o\000c\000a\000l\000\040\000M\000e\000t\000r\000i\000c\000s\000\040\000/\000\040\000?\000?\000?\000?\000?\000?\000?\000?\000?\000?\000?\000?}{section.7.8}% 57
\BOOKMARK [1][-]{section.7.9}{\376\377\000P\000h\000a\000s\000e\000\040\0001\0003\000:\000\040\000A\000d\000v\000a\000n\000c\000e\000d\000\040\000T\000a\000r\000g\000e\000t\000-\000S\000p\000e\000c\000i\000f\000i\000c\000\040\000D\000e\000-\000D\000r\000i\000f\000t\000\040\000R\000e\000f\000i\000n\000e\000m\000e\000n\000t\000\040\000/\000\040\000?\000?\000?\000?\000?\000?\000?\000?\000?\000?\000?\000?\000?\000?\000?\000?\000?\000?\000?\000?\000?\000?\000?\000?}{chapter.7}% 58
\BOOKMARK [2][-]{subsection.7.9.1}{\376\377\000O\000b\000j\000e\000c\000t\000i\000v\000e\000\040\000/\000\040\000?\000?\000?\000?\000?\000?}{section.7.9}% 59
\BOOKMARK [2][-]{subsection.7.9.2}{\376\377\000C\000o\000n\000t\000e\000x\000t\000\040\000E\000x\000p\000a\000n\000s\000i\000o\000n\000\040\000A\000t\000t\000e\000m\000p\000t\000\040\000a\000n\000d\000\040\000L\000i\000m\000i\000t\000a\000t\000i\000o\000n\000\040\000/\000\040\000?\000?\000?\000?\000?\000?\000?\000?\000?\000?\000?\000?\000?\000?\000?\000?\000?\000?\000?}{section.7.9}% 60
\BOOKMARK [2][-]{subsection.7.9.3}{\376\377\000F\000e\000a\000t\000u\000r\000e\000\040\000D\000e\000-\000D\000r\000i\000f\000t\000\040\000H\000y\000p\000o\000t\000h\000e\000s\000i\000s\000\040\000/\000\040\000?\000?\000?\000?\000?\000?\000?\000?\000?\000?\000?\000?\000?\000?}{section.7.9}% 61
\BOOKMARK [2][-]{subsection.7.9.4}{\376\377\000T\000a\000r\000g\000e\000t\000-\000S\000p\000e\000c\000i\000f\000i\000c\000\040\000M\000i\000x\000\040\000S\000e\000a\000r\000c\000h\000\040\000/\000\040\000?\000?\000?\000?\000?\000?\000?\000?\000?\000?\000?\000?\000?\000?}{section.7.9}% 62
\BOOKMARK [2][-]{subsection.7.9.5}{\376\377\000N\000e\000w\000\040\000C\000a\000n\000d\000i\000d\000a\000t\000e\000\040\000M\000a\000t\000e\000r\000i\000a\000l\000i\000z\000e\000d\000\040\000/\000\040\000?\000?\000?\000?\000?\000?\000?\000?\000?\000?\000?\000?\000?\000?\000?\000?\000?}{section.7.9}% 63
\BOOKMARK [2][-]{subsection.7.9.6}{\376\377\000L\000o\000c\000a\000l\000\040\000C\000a\000l\000i\000b\000r\000a\000t\000i\000o\000n\000\040\000R\000e\000s\000u\000l\000t\000\040\000/\000\040\000?\000?\000?\000?\000?\000?\000?\000?\000?\000?\000?\000?}{section.7.9}% 64
\BOOKMARK [2][-]{subsection.7.9.7}{\376\377\000A\000d\000d\000i\000t\000i\000o\000n\000a\000l\000\040\000S\000u\000b\000m\000i\000s\000s\000i\000o\000n\000-\000L\000e\000v\000e\000l\000\040\000B\000l\000e\000n\000d\000s\000\040\000/\000\040\000?\000?\000?\000?\000?\000?\000?\000?\000?\000?\000?\000?\000?\000?\000?\000?\000?\000?\000?\000?\000?}{section.7.9}% 65
\BOOKMARK [1][-]{section.7.10}{\376\377\000P\000h\000a\000s\000e\000\040\0001\0004\000:\000\040\000O\000n\000l\000i\000n\000e\000-\000C\000a\000l\000i\000b\000r\000a\000t\000e\000d\000\040\000E\000v\000a\000l\000u\000a\000t\000i\000o\000n\000\040\000R\000e\000p\000a\000i\000r\000\040\000a\000n\000d\000\040\000D\000o\000c\000u\000m\000e\000n\000t\000a\000t\000i\000o\000n\000\040\000H\000a\000r\000d\000e\000n\000i\000n\000g\000\040\000/\000\040\000?\0001\0004\000?\000?\000?\000?\000?\000?\000?\000?\000?\000?\000?\000?\000?\000?\000?\000?\000?\000?\000?\000?\000?}{chapter.7}% 66
\BOOKMARK [2][-]{subsection.7.10.1}{\376\377\000O\000b\000j\000e\000c\000t\000i\000v\000e\000\040\000/\000\040\000?\000?}{section.7.10}% 67
\BOOKMARK [2][-]{subsection.7.10.2}{\376\377\000O\000n\000l\000i\000n\000e\000\040\000E\000v\000a\000l\000u\000a\000t\000i\000o\000n\000\040\000R\000e\000c\000o\000r\000d\000\040\000/\000\040\000?\000?\000?\000?\000?\000?}{section.7.10}% 68
\BOOKMARK [2][-]{subsection.7.10.3}{\376\377\000L\000o\000c\000a\000l\000\040\000E\000v\000a\000l\000u\000a\000t\000o\000r\000\040\000R\000e\000p\000a\000i\000r\000\040\000/\000\040\000?\000?\000?\000?\000?\000?\000?}{section.7.10}% 69
\BOOKMARK [2][-]{subsection.7.10.4}{\376\377\000T\000a\000r\000g\000e\000t\000-\000W\000i\000s\000e\000\040\000H\000y\000b\000r\000i\000d\000\040\000E\000x\000p\000e\000r\000i\000m\000e\000n\000t\000\040\000/\000\040\000T\000a\000r\000g\000e\000t\000-\000W\000i\000s\000e\000\040\000H\000y\000b\000r\000i\000d\000\040\000?\000?}{section.7.10}% 70
\BOOKMARK [2][-]{subsection.7.10.5}{\376\377\000C\000o\000n\000t\000e\000x\000t\000u\000a\000l\000\040\000D\000a\000t\000a\000\040\000S\000t\000a\000t\000u\000s\000\040\000C\000o\000r\000r\000e\000c\000t\000i\000o\000n\000\040\000/\000\040\000?\000?\000?\000?\000?\000?\000?\000?\000?}{section.7.10}% 71
\BOOKMARK [2][-]{subsection.7.10.6}{\376\377\000D\000o\000c\000u\000m\000e\000n\000t\000a\000t\000i\000o\000n\000\040\000C\000o\000n\000s\000o\000l\000i\000d\000a\000t\000i\000o\000n\000\040\000/\000\040\000?\000?\000?\000?}{section.7.10}% 72
